acl						install
adduser						install
adwaita-icon-theme				install
agnostics					install
alacarte					install
alsa-firmware-loaders				install
alsa-tools-gui					install
alsa-topology-conf				install
alsa-ucm-conf					install
alsa-utils					install
alsamixergui					install
alsaplayer-alsa					install
alsaplayer-gtk					install
alsaplayer-jack					install
apparmor					install
apt						install
apt-listchanges					install
apt-utils					install
arandr						install
attr						install
autoconf					install
automake					install
autopoint					install
autotools-dev					install
avahi-daemon					install
base-files					install
base-passwd					install
bash						install
bash-completion					install
bc						install
bind9-host					install
bind9-libs:armhf				install
binutils					install
binutils-arm-linux-gnueabihf			install
binutils-common:armhf				install
bison						install
blt						install
bluez						install
bluez-firmware					install
bsdextrautils					install
bsdutils					install
bubblewrap					install
build-essential					install
busybox						install
bzip2						install
ca-certificates					install
ca-certificates-java				install
chafa						install
chromium-browser				install
chromium-browser-l10n				install
chromium-codecs-ffmpeg-extra			install
cifs-utils					install
cmake						install
cmake-data					install
code						install
colord						install
colord-data					install
console-setup					install
console-setup-linux				install
coreutils					install
cpio						install
cpp						install
cpp-10						install
crda						install
cron						install
cups						install
cups-browsed					install
cups-client					install
cups-common					install
cups-core-drivers				install
cups-daemon					install
cups-filters					install
cups-filters-core-drivers			install
cups-ipp-utils					install
cups-pk-helper					install
cups-ppdc					install
cups-server-common				install
curl						install
dash						install
dbus						install
dbus-user-session				install
dbus-x11					install
dc						install
dconf-gsettings-backend:armhf			install
dconf-service					install
debconf						install
debconf-i18n					install
debconf-utils					install
debhelper					install
debian-reference-common				install
debian-reference-en				install
debianutils					install
desktop-base					install
desktop-file-utils				install
device-tree-compiler				install
devscripts					install
dh-autoreconf					install
dh-strip-nondeterminism				install
dhcpcd5						install
dialog						install
dictionaries-common				install
diffutils					install
dillo						install
dirmngr						install
distro-info-data				install
dmidecode					install
dmsetup						install
dns-root-data					install
dnsmasq-base					install
docutils-common					install
dos2unix					install
dosfstools					install
dphys-swapfile					install
dpkg						install
dpkg-dev					install
dwz						install
e2fsprogs					install
ed						install
edid-decode					install
eject						install
emacsen-common					install
ethtool						install
exfatprogs					install
fake-hwclock					install
fakeroot					install
fbi						install
fbset						install
fcitx-bin					install
fcitx-libs-dev					install
fdisk						install
ffmpeg						install
file						install
findutils					install
fio						install
firmware-atheros				install
firmware-brcm80211				install
firmware-libertas				install
firmware-misc-nonfree				install
firmware-realtek				install
flac						install
flashrom					install
flex						install
fontconfig					install
fontconfig-config				install
fonts-cantarell					install
fonts-dejavu-core				install
fonts-dejavu-extra				install
fonts-droid-fallback				install
fonts-freefont-ttf				install
fonts-liberation				install
fonts-liberation2				install
fonts-noto-mono					install
fonts-piboto					install
fonts-quicksand					install
fonts-urw-base35				install
freeglut3:armhf					install
fuse						deinstall
fuse3						install
fxload						install
g++						install
g++-10						install
galculator					install
gcc						install
gcc-10						install
gcc-10-base:armhf				install
gcc-7-base:armhf				install
gcc-8-base:armhf				install
gcc-9-base:armhf				install
gconf-service					install
gconf2-common					install
gcr						install
gdb						install
gdisk						install
geany						install
geany-common					install
gettext						install
gettext-base					install
gfortran					install
gfortran-10					install
ghostscript					install
giblib1:armhf					install
gir1.2-atk-1.0:armhf				install
gir1.2-fcitx-1.0				install
gir1.2-freedesktop:armhf			install
gir1.2-gdkpixbuf-2.0:armhf			install
gir1.2-glib-2.0:armhf				install
gir1.2-gmenu-3.0:armhf				install
gir1.2-gtk-3.0:armhf				install
gir1.2-harfbuzz-0.0:armhf			install
gir1.2-ibus-1.0:armhf				install
gir1.2-notify-0.7:armhf				install
gir1.2-packagekitglib-1.0			install
gir1.2-pango-1.0:armhf				install
gir1.2-polkit-1.0				install
gir1.2-secret-1:armhf				install
git						install
git-man						install
gldriver-test					install
glib-networking:armhf				install
glib-networking-common				install
glib-networking-services			install
gnome-accessibility-themes			install
gnome-desktop3-data				install
gnome-icon-theme				install
gnome-keyring					install
gnome-menus					install
gnome-session-bin				install
gnome-session-common				install
gnome-session-noshell				install
gnome-settings-daemon				install
gnome-settings-daemon-common			install
gnome-themes-extra:armhf			install
gnome-themes-extra-data				install
gnome-themes-standard				install
gnupg						install
gnupg-l10n					install
gnupg-utils					install
gpg						install
gpg-agent					install
gpg-wks-client					install
gpg-wks-server					install
gpgconf						install
gpgsm						install
gpgv						install
gpicview					install
grep						install
groff-base					install
gsettings-desktop-schemas			install
gsfonts						install
gstreamer1.0-alsa:armhf				install
gstreamer1.0-libav:armhf			install
gstreamer1.0-omx				install
gstreamer1.0-plugins-base:armhf			install
gstreamer1.0-plugins-good:armhf			install
gstreamer1.0-x:armhf				install
gtk-update-icon-cache				install
gtk2-engines:armhf				install
gtk2-engines-clearlookspix:armhf		install
gtk2-engines-pixbuf:armhf			install
gtk2-engines-pixflat:armhf			install
gui-pkinst					install
gvfs:armhf					install
gvfs-backends					install
gvfs-common					install
gvfs-daemons					install
gvfs-fuse					install
gvfs-libs:armhf					install
gzip						install
hardlink					install
hicolor-icon-theme				install
hostname					install
hplip						install
hplip-data					install
htop						install
hunspell-en-gb					install
hunspell-en-us					install
hyphen-en-gb					install
i2c-tools					install
ibverbs-providers:armhf				install
icu-devtools					install
ifupdown					install
iio-sensor-proxy				install
imagemagick-6-common				install
init						install
init-system-helpers				install
initramfs-tools					install
initramfs-tools-core				install
install-info					install
intltool-debian					install
ipp-usb						install
iproute2					install
iptables					install
iputils-ping					install
isc-dhcp-client					install
isc-dhcp-common					install
iso-codes					install
iw						install
java-common					install
javascript-common				install
kbd						install
keyboard-configuration				install
keyutils					install
klibc-utils					install
kmod						install
kms++-utils					install
laptop-detect					install
less						install
liba52-0.7.4:armhf				install
libaa1:armhf					install
libacl1:armhf					install
libaio1:armhf					install
libalgorithm-diff-perl				install
libalgorithm-diff-xs-perl			install
libalgorithm-merge-perl				install
libaom0:armhf					install
libapparmor1:armhf				install
libappindicator1:armhf				install
libappstream4:armhf				install
libapr1:armhf					install
libaprutil1:armhf				install
libapt-pkg6.0:armhf				install
libarchive-zip-perl				install
libarchive13:armhf				install
libargon2-1:armhf				install
libaribb24-0:armhf				install
libasan6:armhf					install
libasound2:armhf				install
libasound2-data					install
libasound2-dev:armhf				install
libasound2-plugins:armhf			install
libaspell15:armhf				install
libass9:armhf					install
libassuan0:armhf				install
libasyncns0:armhf				install
libatasmart4:armhf				install
libatk-bridge2.0-0:armhf			install
libatk-wrapper-java				install
libatk-wrapper-java-jni:armhf			install
libatk1.0-0:armhf				install
libatk1.0-data					install
libatlas-base-dev:armhf				install
libatlas3-base:armhf				install
libatomic1:armhf				install
libatopology2:armhf				install
libatspi2.0-0:armhf				install
libattr1:armhf					install
libaudit-common					install
libaudit1:armhf					install
libavahi-client3:armhf				install
libavahi-common-data:armhf			install
libavahi-common3:armhf				install
libavahi-core7:armhf				install
libavahi-glib1:armhf				install
libavc1394-0:armhf				install
libavcodec-dev:armhf				install
libavcodec58:armhf				install
libavdevice58:armhf				install
libavfilter7:armhf				install
libavformat-dev:armhf				install
libavformat58:armhf				install
libavresample4:armhf				install
libavutil-dev:armhf				install
libavutil56:armhf				install
libayatana-ido3-0.4-0:armhf			install
libayatana-indicator3-7:armhf			install
libb-hooks-op-check-perl			install
libbabeltrace1:armhf				install
libbasicusageenvironment1:armhf			install
libbinutils:armhf				install
libblas-dev:armhf				install
libblas3:armhf					install
libblkid-dev:armhf				install
libblkid1:armhf					install
libblockdev-crypto2:armhf			install
libblockdev-fs2:armhf				install
libblockdev-loop2:armhf				install
libblockdev-part-err2:armhf			install
libblockdev-part2:armhf				install
libblockdev-swap2:armhf				install
libblockdev-utils2:armhf			install
libblockdev2:armhf				install
libbluetooth3:armhf				install
libbluray2:armhf				install
libboost-filesystem-dev:armhf			install
libboost-filesystem1.74-dev:armhf		install
libboost-filesystem1.74.0:armhf			install
libboost-iostreams1.74.0:armhf			install
libboost-regex1.71.0:armhf			install
libboost-regex1.74.0:armhf			install
libboost-system1.74-dev:armhf			install
libboost-system1.74.0:armhf			install
libboost-thread1.74.0:armhf			install
libboost1.74-dev:armhf				install
libbpf0:armhf					install
libbrotli-dev:armhf				install
libbrotli1:armhf				install
libbs2b0:armhf					install
libbsd0:armhf					install
libbz2-1.0:armhf				install
libc-bin					install
libc-dev-bin					install
libc-devtools					install
libc-l10n					install
libc6:armhf					install
libc6-dbg:armhf					install
libc6-dev:armhf					install
libcaca0:armhf					install
libcaf-openmpi-3:armhf				install
libcairo-gobject2:armhf				install
libcairo2:armhf					install
libcamera-tools					install
libcamera0:armhf				install
libcanberra-gtk3-0:armhf			install
libcanberra0:armhf				install
libcap-ng0:armhf				install
libcap2:armhf					install
libcap2-bin					install
libcbor0:armhf					install
libcc1-0:armhf					install
libcddb2					install
libcdio-cdda2:armhf				install
libcdio-paranoia2:armhf				install
libcdio19:armhf					install
libcdparanoia0:armhf				install
libcephfs2					install
libchafa0:armhf					install
libchromaprint1:armhf				install
libclass-method-modifiers-perl			install
libcoarrays-dev:armhf				install
libcoarrays-openmpi-dev:armhf			install
libcodec2-0.9:armhf				install
libcolord2:armhf				install
libcolorhug2:armhf				install
libcom-err2:armhf				install
libcrypt-dev:armhf				install
libcrypt1:armhf					install
libcryptsetup12:armhf				install
libctf-nobfd0:armhf				install
libctf0:armhf					install
libcups2:armhf					install
libcupsfilters1:armhf				install
libcupsimage2:armhf				install
libcurl3-gnutls:armhf				install
libcurl4:armhf					install
libdaemon0:armhf				install
libdatrie1:armhf				install
libdav1d4:armhf					install
libdb5.3:armhf					install
libdbus-1-3:armhf				install
libdbus-1-dev:armhf				install
libdbus-glib-1-2:armhf				install
libdbusmenu-glib4:armhf				install
libdbusmenu-gtk4:armhf				install
libdc1394-25:armhf				install
libdca0:armhf					install
libdconf1:armhf					install
libde265-0:armhf				install
libdebconfclient0:armhf				install
libdebhelper-perl				install
libdebuginfod1:armhf				install
libdeflate0:armhf				install
libdevel-callchecker-perl			install
libdevmapper1.02.1:armhf			install
libdjvulibre-text				install
libdjvulibre21:armhf				install
libdns-export1110				install
libdouble-conversion3:armhf			install
libdpkg-perl					install
libdrm-amdgpu1:armhf				install
libdrm-common					install
libdrm-dev:armhf				install
libdrm-etnaviv1:armhf				install
libdrm-exynos1:armhf				install
libdrm-freedreno1:armhf				install
libdrm-nouveau2:armhf				install
libdrm-omap1:armhf				install
libdrm-radeon1:armhf				install
libdrm-tegra0:armhf				install
libdrm2:armhf					install
libdv4:armhf					install
libdvbpsi10:armhf				install
libdvdnav4:armhf				install
libdvdread8:armhf				install
libdw1:armhf					install
libdynaloader-functions-perl			install
libebml5:armhf					install
libedit2:armhf					install
libegl-dev:armhf				install
libegl-mesa0:armhf				install
libegl1:armhf					install
libegl1-mesa:armhf				install
libegl1-mesa-dev:armhf				install
libelf1:armhf					install
libenchant-2-2:armhf				install
libencode-locale-perl				install
libepoxy0:armhf					install
liberror-perl					install
libestr0:armhf					install
libevdev2:armhf					install
libevent-2.1-7:armhf				install
libevent-core-2.1-7:armhf			install
libevent-dev					install
libevent-extra-2.1-7:armhf			install
libevent-openssl-2.1-7:armhf			install
libevent-pthreads-2.1-7:armhf			install
libexif12:armhf					install
libexpat1:armhf					install
libexpat1-dev:armhf				install
libext2fs2:armhf				install
libfaad2:armhf					install
libfabric1					install
libfakekey-dev:armhf				install
libfakekey0:armhf				install
libfakeroot:armhf				install
libfastjson4:armhf				install
libfcitx-config4:armhf				install
libfcitx-core0:armhf				install
libfcitx-gclient1:armhf				install
libfcitx-utils0:armhf				install
libfdisk1:armhf					install
libfdt1:armhf					install
libffi-dev:armhf				install
libffi7:armhf					install
libfftw3-double3:armhf				install
libfftw3-single3:armhf				install
libfido2-1:armhf				install
libfile-dirlist-perl				install
libfile-fcntllock-perl				install
libfile-homedir-perl				install
libfile-listing-perl				install
libfile-stripnondeterminism-perl		install
libfile-touch-perl				install
libfile-which-perl				install
libflac8:armhf					install
libflite1:armhf					install
libfltk1.1:armhf				install
libfltk1.3:armhf				install
libfm-data					install
libfm-extra4:armhf				install
libfm-gtk-data					install
libfm-gtk4:armhf				install
libfm-modules:armhf				install
libfm4:armhf					install
libfmt7:armhf					install
libfontconfig-dev:armhf				install
libfontconfig1:armhf				install
libfontconfig1-dev:armhf			install
libfontembed1:armhf				install
libfontenc1:armhf				install
libfreetype-dev:armhf				install
libfreetype6:armhf				install
libfreetype6-dev:armhf				install
libfribidi0:armhf				install
libfstrm0:armhf					install
libftdi1-2:armhf				install
libfuse3-3:armhf				install
libgbm-dev:armhf				install
libgbm1:armhf					install
libgc1:armhf					install
libgcc-10-dev:armhf				install
libgcc-s1:armhf					install
libgck-1-0:armhf				install
libgconf-2-4:armhf				install
libgcr-base-3-1:armhf				install
libgcr-ui-3-1:armhf				install
libgcrypt20:armhf				install
libgd3:armhf					install
libgdata-common					install
libgdata22:armhf				install
libgdbm-compat4:armhf				install
libgdbm6:armhf					install
libgdk-pixbuf-2.0-0:armhf			install
libgdk-pixbuf-xlib-2.0-0:armhf			install
libgdk-pixbuf2.0-0:armhf			install
libgdk-pixbuf2.0-common				install
libgeoclue-2-0:armhf				install
libgeocode-glib0:armhf				install
libgettextpo0:armhf				install
libgfapi0:armhf					install
libgfortran-10-dev:armhf			install
libgfortran5:armhf				install
libgfrpc0:armhf					install
libgfxdr0:armhf					install
libgif7:armhf					install
libgirepository-1.0-1:armhf			install
libgl-dev:armhf					install
libgl1:armhf					install
libgl1-mesa-dev:armhf				install
libgl1-mesa-dri:armhf				install
libglapi-mesa:armhf				install
libgles-dev:armhf				install
libgles1:armhf					install
libgles2:armhf					install
libgles2-mesa:armhf				install
libgles2-mesa-dev:armhf				install
libglib2.0-0:armhf				install
libglib2.0-bin					install
libglib2.0-data					install
libglib2.0-dev:armhf				install
libglib2.0-dev-bin				install
libglu1-mesa:armhf				install
libglu1-mesa-dev:armhf				install
libglusterfs0:armhf				install
libglvnd-dev:armhf				install
libglvnd0:armhf					install
libglx-dev:armhf				install
libglx-mesa0:armhf				install
libglx0:armhf					install
libgme0:armhf					install
libgmp10:armhf					install
libgnome-desktop-3-19:armhf			install
libgnome-menu-3-0:armhf				install
libgnutls30:armhf				install
libgoa-1.0-0b:armhf				install
libgoa-1.0-common				install
libgomp1:armhf					install
libgpg-error0:armhf				install
libgpgme11:armhf				install
libgphoto2-6:armhf				install
libgphoto2-port12:armhf				install
libgpm2:armhf					install
libgraphene-1.0-0:armhf				install
libgraphite2-3:armhf				install
libgroupsock8:armhf				install
libgs9:armhf					install
libgs9-common					install
libgsm1:armhf					install
libgssapi-krb5-2:armhf				install
libgstreamer-gl1.0-0:armhf			install
libgstreamer-plugins-base1.0-0:armhf		install
libgstreamer1.0-0:armhf				install
libgtk-3-0:armhf				install
libgtk-3-common					install
libgtk2.0-0:armhf				install
libgtk2.0-bin					install
libgtk2.0-common				install
libgtksourceview-3.0-1:armhf			install
libgtksourceview-3.0-common			install
libgudev-1.0-0:armhf				install
libgusb2:armhf					install
libgweather-3-16:armhf				install
libgweather-common				install
libharfbuzz-icu0:armhf				install
libharfbuzz0b:armhf				install
libheif1:armhf					install
libhogweed6:armhf				install
libhpmud0:armhf					install
libhtml-parser-perl				install
libhtml-tagset-perl				install
libhtml-tree-perl				install
libhttp-cookies-perl				install
libhttp-date-perl				install
libhttp-message-perl				install
libhttp-negotiate-perl				install
libhunspell-1.7-0:armhf				install
libhwloc-dev:armhf				install
libhwloc-plugins:armhf				install
libhwloc15:armhf				install
libhyphen0:armhf				install
libi2c0:armhf					install
libibus-1.0-5:armhf				install
libibus-1.0-dev:armhf				install
libibverbs-dev:armhf				install
libibverbs1:armhf				install
libice-dev:armhf				install
libice6:armhf					install
libicu-dev:armhf				install
libicu67:armhf					install
libid3tag0:armhf				install
libident					install
libidn11:armhf					install
libidn2-0:armhf					install
libiec61883-0:armhf				install
libieee1284-3:armhf				install
libijs-0.35:armhf				install
libimagequant0:armhf				install
libimlib2:armhf					install
libimobiledevice6:armhf				install
libimport-into-perl				install
libindicator7:armhf				install
libinput-bin					install
libinput10:armhf				install
libio-html-perl					install
libio-pty-perl					install
libio-socket-ssl-perl				install
libip4tc2:armhf					install
libip6tc2:armhf					install
libipc-run-perl					install
libisc-export1105:armhf				install
libisl23:armhf					install
libiw30:armhf					install
libixml10:armhf					install
libjack-dev					install
libjack0:armhf					install
libjansson4:armhf				install
libjavascriptcoregtk-4.0-18:armhf		install
libjbig0:armhf					install
libjbig2dec0:armhf				install
libjim0.79:armhf				install
libjpeg62-turbo:armhf				install
libjs-jquery					install
libjs-jquery-ui					install
libjs-jquery-ui-theme-base			install
libjs-sphinxdoc					install
libjs-underscore				install
libjson-c5:armhf				install
libjson-glib-1.0-0:armhf			install
libjson-glib-1.0-common				install
libjsoncpp24:armhf				install
libk5crypto3:armhf				install
libkate1:armhf					install
libkeybinder-3.0-0:armhf			install
libkeyutils1:armhf				install
libklibc:armhf					install
libkmod2:armhf					install
libkms++0:armhf					install
libkrb5-3:armhf					install
libkrb5support0:armhf				install
libksba8:armhf					install
liblapack3:armhf				install
liblcms2-2:armhf				install
libldap-2.4-2:armhf				install
libldb2:armhf					install
liblightdm-gobject-1-0:armhf			install
liblilv-0-0:armhf				install
liblinear4:armhf				install
liblirc-client0:armhf				install
liblivemedia77:armhf				install
libllvm11:armhf					install
liblmdb0:armhf					install
liblocale-gettext-perl				install
liblognorm5:armhf				install
liblouis-data					install
liblouis20:armhf				install
liblouisutdml-bin				install
liblouisutdml-data				install
liblouisutdml9:armhf				install
liblqr-1-0:armhf				install
libltdl-dev:armhf				install
libltdl7:armhf					install
liblua5.2-0:armhf				install
liblua5.3-0:armhf				install
libluajit-5.1-2:armhf				install
libluajit-5.1-common				install
liblwp-mediatypes-perl				install
liblwp-protocol-https-perl			install
liblz4-1:armhf					install
liblzma5:armhf					install
liblzo2-2:armhf					install
libmad0:armhf					install
libmagic-mgc					install
libmagic1:armhf					install
libmagickcore-6.q16-6:armhf			install
libmagickwand-6.q16-6:armhf			install
libmanette-0.2-0:armhf				install
libmatchbox1:armhf				install
libmatroska7:armhf				install
libmaxminddb0:armhf				install
libmbim-glib4:armhf				install
libmbim-proxy					install
libmd0:armhf					install
libmd4c0:armhf					install
libmenu-cache-bin				install
libmenu-cache3:armhf				install
libmm-glib0:armhf				install
libmnl0:armhf					install
libmodule-runtime-perl				install
libmoo-perl					install
libmount-dev:armhf				install
libmount1:armhf					install
libmp3lame0:armhf				install
libmpc3:armhf					install
libmpcdec6:armhf				install
libmpdec3:armhf					install
libmpeg2-4:armhf				install
libmpfr6:armhf					install
libmpg123-0:armhf				install
libmtdev1:armhf					install
libmtp-common					install
libmtp-runtime					install
libmtp9:armhf					install
libmutter-7-0:armhf				install
libmysofa1:armhf				install
libncurses-dev:armhf				install
libncurses6:armhf				install
libncursesw6:armhf				install
libndp0:armhf					install
libnet-http-perl				install
libnet-ssleay-perl				install
libnetfilter-conntrack3:armhf			install
libnettle8:armhf				install
libnewt0.52:armhf				install
libnfnetlink0:armhf				install
libnfs13:armhf					install
libnfsidmap2:armhf				install
libnftables1:armhf				install
libnftnl11:armhf				install
libnghttp2-14:armhf				install
libnl-3-200:armhf				install
libnl-3-dev:armhf				install
libnl-genl-3-200:armhf				install
libnl-route-3-200:armhf				install
libnl-route-3-dev:armhf				install
libnm0:armhf					install
libnma-common					install
libnma0:armhf					install
libnorm1:armhf					install
libnotify4:armhf				install
libnpth0:armhf					install
libnsl-dev:armhf				install
libnsl2:armhf					install
libnspr4:armhf					install
libnss-mdns:armhf				install
libnss3:armhf					install
libntfs-3g883					install
libnuma-dev:armhf				install
libnuma1:armhf					install
libobrender32v5					install
libobt2v5					install
libogg0:armhf					install
libopenal-data					install
libopenal1:armhf				install
libopenblas-dev:armhf				install
libopenblas-pthread-dev:armhf			install
libopenblas0:armhf				install
libopenblas0-pthread:armhf			install
libopengl-dev:armhf				install
libopengl0:armhf				install
libopenjp2-7:armhf				install
libopenmpi-dev:armhf				install
libopenmpi3:armhf				install
libopenmpt-modplug1:armhf			install
libopenmpt0:armhf				install
libopenni2-0:armhf				deinstall
libopus0:armhf					install
liborc-0.4-0:armhf				install
libossp-uuid16:armhf				install
libp11-kit0:armhf				install
libpackagekit-glib2-18:armhf			install
libpam-chksshpwd:armhf				install
libpam-modules:armhf				install
libpam-modules-bin				install
libpam-runtime					install
libpam-systemd:armhf				install
libpam0g:armhf					install
libpango-1.0-0:armhf				install
libpangocairo-1.0-0:armhf			install
libpangoft2-1.0-0:armhf				install
libpangoxft-1.0-0:armhf				install
libpaper-utils					install
libpaper1:armhf					install
libparams-classify-perl				install
libparted-fs-resize0:armhf			install
libparted2:armhf				install
libpcap-dev:armhf				install
libpcap0.8:armhf				install
libpcap0.8-dev:armhf				install
libpci3:armhf					install
libpciaccess-dev:armhf				install
libpciaccess0:armhf				install
libpcre16-3:armhf				install
libpcre2-16-0:armhf				install
libpcre2-32-0:armhf				install
libpcre2-8-0:armhf				install
libpcre2-dev:armhf				install
libpcre2-posix2:armhf				install
libpcre3:armhf					install
libpcre3-dev:armhf				install
libpcre32-3:armhf				install
libpcrecpp0v5:armhf				install
libpcsclite1:armhf				install
libperl5.32:armhf				install
libpgm-5.3-0:armhf				install
libpigpio-dev					install
libpigpio1					install
libpigpiod-if-dev				install
libpigpiod-if1					install
libpigpiod-if2-1				install
libpipeline1:armhf				install
libpipewire-0.3-0:armhf				install
libpipewire-0.3-modules:armhf			install
libpixman-1-0:armhf				install
libplacebo72:armhf				install
libplist3:armhf					install
libplymouth5:armhf				install
libpmix-dev:armhf				install
libpmix2:armhf					install
libpng-dev:armhf				install
libpng-tools					install
libpng16-16:armhf				install
libpocketsphinx3:armhf				install
libpolkit-agent-1-0:armhf			install
libpolkit-gobject-1-0:armhf			install
libpoppler-cpp0v5:armhf				install
libpoppler-glib8:armhf				install
libpoppler-qt5-1:armhf				install
libpoppler102:armhf				install
libpopt0:armhf					install
libportaudio2:armhf				install
libportaudiocpp0:armhf				install
libpostproc55:armhf				install
libpq-dev					install
libpq5:armhf					install
libprocps8:armhf				install
libprotobuf-c1:armhf				install
libprotobuf-lite23:armhf			install
libproxy-tools					install
libproxy1v5:armhf				install
libpsl5:armhf					install
libpthread-stubs0-dev:armhf			install
libpugixml1v5:armhf				install
libpulse-mainloop-glib0:armhf			install
libpulse0:armhf					install
libpulsedsp:armhf				install
libpython3-dev:armhf				install
libpython3-stdlib:armhf				install
libpython3.9:armhf				install
libpython3.9-dev:armhf				install
libpython3.9-minimal:armhf			install
libpython3.9-stdlib:armhf			install
libqmi-glib5:armhf				install
libqmi-proxy					install
libqpdf28:armhf					install
libqt5concurrent5:armhf				install
libqt5core5a:armhf				install
libqt5dbus5:armhf				install
libqt5designer5:armhf				install
libqt5gui5:armhf				install
libqt5help5:armhf				install
libqt5network5:armhf				install
libqt5printsupport5:armhf			install
libqt5qml5:armhf				install
libqt5qmlmodels5:armhf				install
libqt5qmlworkerscript5:armhf			install
libqt5quick5:armhf				install
libqt5quickcontrols2-5:armhf			install
libqt5quicktemplates2-5:armhf			install
libqt5sql5:armhf				install
libqt5sql5-sqlite:armhf				install
libqt5svg5:armhf				install
libqt5test5:armhf				install
libqt5widgets5:armhf				install
libqt5x11extras5:armhf				install
libqt5xml5:armhf				install
librabbitmq4:armhf				install
librados2					install
libraspberrypi-bin				install
libraspberrypi-dev				install
libraspberrypi-doc				install
libraspberrypi0:armhf				install
libraw1394-11:armhf				install
librbd1						install
librdmacm1:armhf				install
libreadline-dev:armhf				install
libreadline5:armhf				install
libreadline6:armhf				install
libreadline8:armhf				install
libresid-builder0c2a				install
librest-0.7-0:armhf				install
librhash0:armhf					install
librole-tiny-perl				install
librsvg2-2:armhf				install
librsvg2-common:armhf				install
librtimulib-dev					install
librtimulib-utils				install
librtimulib7					install
librtmp1:armhf					install
librubberband2:armhf				install
libsamplerate0:armhf				install
libsamplerate0-dev:armhf			install
libsane-common					install
libsane-hpaio:armhf				install
libsane1:armhf					install
libsasl2-2:armhf				install
libsasl2-modules-db:armhf			install
libsbc1:armhf					install
libsdl-image1.2:armhf				install
libsdl1.2debian:armhf				install
libsdl2-2.0-0:armhf				install
libseccomp2:armhf				install
libsecret-1-0:armhf				install
libsecret-common				install
libselinux1:armhf				install
libselinux1-dev:armhf				install
libsemanage-common				install
libsemanage1:armhf				install
libsensors-config				install
libsensors5:armhf				install
libsepol1:armhf					install
libsepol1-dev:armhf				install
libserd-0-0:armhf				install
libserf-1-1:armhf				install
libshine3:armhf					install
libshout3:armhf					install
libsidplay2					install
libsigc++-1.2-5c2				install
libsigsegv2:armhf				install
libslang2:armhf					install
libsm-dev:armhf					install
libsm6:armhf					install
libsmartcols1:armhf				install
libsmbclient:armhf				install
libsnappy1v5:armhf				install
libsndfile1:armhf				install
libsndio-dev:armhf				install
libsndio7.0:armhf				install
libsnmp-base					install
libsnmp40:armhf					install
libsodium23:armhf				install
libsord-0-0:armhf				install
libsoup-gnome2.4-1:armhf			install
libsoup2.4-1:armhf				install
libsource-highlight-common			install
libsource-highlight4v5				install
libsoxr0:armhf					install
libspa-0.2-modules:armhf			install
libspatialaudio0:armhf				install
libspectre1:armhf				install
libspeex-dev:armhf				install
libspeex1:armhf					install
libspeexdsp-dev:armhf				install
libspeexdsp1:armhf				install
libsphinxbase3:armhf				install
libsqlite3-0:armhf				install
libsqlite3-dev:armhf				install
libsratom-0-0:armhf				install
libsrt1.4-gnutls:armhf				install
libss2:armhf					install
libssh-gcrypt-4:armhf				install
libssh2-1:armhf					install
libssl-dev:armhf				install
libssl1.1:armhf					install
libstartup-notification0:armhf			install
libstdc++-10-dev:armhf				install
libstdc++6:armhf				install
libstemmer0d:armhf				install
libstrictures-perl				install
libsub-override-perl				install
libsub-quote-perl				install
libsvn1:armhf					install
libswresample-dev:armhf				install
libswresample3:armhf				install
libswscale5:armhf				install
libsynctex2:armhf				install
libsystemd0:armhf				install
libtag1v5:armhf					install
libtag1v5-vanilla:armhf				install
libtalloc2:armhf				install
libtasn1-6:armhf				install
libtcl8.6:armhf					install
libtdb1:armhf					install
libteamdctl0:armhf				install
libtevent0:armhf				install
libtext-charwidth-perl				install
libtext-iconv-perl				install
libtext-wrapi18n-perl				install
libthai-data					install
libthai0:armhf					install
libtheora0:armhf				install
libtiff5:armhf					install
libtimedate-perl				install
libtinfo5:armhf					install
libtinfo6:armhf					install
libtirpc-common					install
libtirpc-dev:armhf				install
libtirpc3:armhf					install
libtk8.6:armhf					install
libtool						install
libtry-tiny-perl				install
libturbojpeg0:armhf				install
libtwolame0:armhf				install
libubsan1:armhf					install
libuchardet0:armhf				install
libudev-dev:armhf				install
libudev1:armhf					install
libudfread0:armhf				install
libudisks2-0:armhf				install
libunistring2:armhf				install
libunwind8:armhf				install
libupnp13:armhf					install
libupower-glib3:armhf				install
liburi-perl					install
liburing1:armhf					install
libusageenvironment3:armhf			install
libusb-1.0-0:armhf				install
libusb-1.0-0-dev:armhf				install
libusbmuxd6:armhf				install
libutempter0:armhf				install
libutf8proc2:armhf				install
libuuid1:armhf					install
libuv1:armhf					install
libv4l-0:armhf					install
libv4l2rds0:armhf				install
libv4lconvert0:armhf				install
libva-drm2:armhf				install
libva-x11-2:armhf				install
libva2:armhf					install
libvdpau-va-gl1:armhf				install
libvdpau1:armhf					install
libvidstab1.1:armhf				install
libvisual-0.4-0:armhf				install
libvlc-bin:armhf				install
libvlc5:armhf					install
libvlccore9:armhf				install
libvncclient1:armhf				install
libvolume-key1					install
libvorbis0a:armhf				install
libvorbisenc2:armhf				install
libvorbisfile3:armhf				install
libvpx6:armhf					install
libvte-2.91-0:armhf				install
libvte-2.91-common				install
libvulkan1:armhf				install
libwacom-common					install
libwacom2:armhf					install
libwavpack1:armhf				install
libwayland-client0:armhf			install
libwayland-cursor0:armhf			install
libwayland-egl1:armhf				install
libwayland-server0:armhf			install
libwbclient0:armhf				install
libwebkit2gtk-4.0-37:armhf			install
libwebp6:armhf					install
libwebpdemux2:armhf				install
libwebpmux3:armhf				install
libwebrtc-audio-processing1:armhf		install
libwidevinecdm0					install
libwnck-3-0:armhf				install
libwnck-3-common				install
libwoff1:armhf					install
libwpe-1.0-1:armhf				install
libwpebackend-fdo-1.0-1:armhf			install
libwrap0:armhf					install
libwww-perl					install
libwww-robotrules-perl				install
libwxbase3.0-0v5:armhf				install
libwxgtk3.0-gtk3-0v5:armhf			install
libx11-6:armhf					install
libx11-data					install
libx11-dev:armhf				install
libx11-xcb-dev:armhf				install
libx11-xcb1:armhf				install
libx264-160:armhf				install
libx265-192:armhf				install
libxau-dev:armhf				install
libxau6:armhf					install
libxaw7:armhf					install
libxcb-composite0:armhf				install
libxcb-dri2-0:armhf				install
libxcb-dri3-0:armhf				install
libxcb-glx0:armhf				install
libxcb-icccm4:armhf				install
libxcb-image0:armhf				install
libxcb-keysyms1:armhf				install
libxcb-present0:armhf				install
libxcb-randr0:armhf				install
libxcb-render-util0:armhf			install
libxcb-render0:armhf				install
libxcb-res0:armhf				install
libxcb-shape0:armhf				install
libxcb-shm0:armhf				install
libxcb-sync1:armhf				install
libxcb-util1:armhf				install
libxcb-xfixes0:armhf				install
libxcb-xinerama0:armhf				install
libxcb-xinput0:armhf				install
libxcb-xkb1:armhf				install
libxcb-xv0:armhf				install
libxcb1:armhf					install
libxcb1-dev:armhf				install
libxcomposite1:armhf				install
libxcursor-dev:armhf				install
libxcursor1:armhf				install
libxdamage1:armhf				install
libxdmcp-dev:armhf				install
libxdmcp6:armhf					install
libxext-dev:armhf				install
libxext6:armhf					install
libxfce4util-common				install
libxfce4util7:armhf				install
libxfconf-0-3:armhf				install
libxfixes-dev:armhf				install
libxfixes3:armhf				install
libxfont2:armhf					install
libxft-dev:armhf				install
libxft2:armhf					install
libxi-dev:armhf					install
libxi6:armhf					install
libxinerama-dev:armhf				install
libxinerama1:armhf				install
libxkbcommon-dev:armhf				install
libxkbcommon-x11-0:armhf			install
libxkbcommon0:armhf				install
libxkbfile1:armhf				install
libxkbregistry0:armhf				install
libxklavier16:armhf				install
libxml2:armhf					install
libxml2-dev:armhf				install
libxmu6:armhf					install
libxmuu1:armhf					install
libxnvctrl0:armhf				install
libxpm4:armhf					install
libxrandr-dev:armhf				install
libxrandr2:armhf				install
libxrender-dev:armhf				install
libxrender1:armhf				install
libxres1:armhf					install
libxshmfence1:armhf				install
libxslt1-dev:armhf				install
libxslt1.1:armhf				install
libxss-dev:armhf				install
libxss1:armhf					install
libxt-dev:armhf					install
libxt6:armhf					install
libxtables12:armhf				install
libxtst-dev:armhf				install
libxtst6:armhf					install
libxv-dev:armhf					install
libxv1:armhf					install
libxvidcore4:armhf				install
libxxf86dga1:armhf				install
libxxf86vm-dev:armhf				install
libxxf86vm1:armhf				install
libxxhash0:armhf				install
libyaml-0-2:armhf				install
libyaml-dev:armhf				install
libz3-4:armhf					install
libzmq5:armhf					install
libzstd1:armhf					install
libzvbi-common					install
libzvbi0:armhf					install
lightdm						install
lightdm-gtk-greeter				install
linux-base					install
linux-libc-dev:armhf				install
locales						install
login						install
logrotate					install
logsave						install
lsb-base					install
lsb-release					install
lsof						install
lua-lpeg:armhf					install
lua5.1						install
luajit						install
lxappearance					install
lxappearance-obconf				install
lxde						install
lxde-common					install
lxde-core					install
lxde-icon-theme					install
lxhotkey-core					install
lxhotkey-gtk					install
lxinput						install
lxmenu-data					install
lxpanel						install
lxpanel-data					install
lxplug-bluetooth				install
lxplug-cputemp					install
lxplug-ejecter					install
lxplug-magnifier				install
lxplug-menu					install
lxplug-netman					install
lxplug-network					install
lxplug-ptbatt					install
lxplug-updater					install
lxplug-volumepulse				install
lxpolkit					install
lxrandr						install
lxsession					install
lxsession-data					install
lxsession-edit					install
lxsession-logout				install
lxtask						install
lxterminal					install
m4						install
mailcap						install
make						install
man-db						install
manpages					install
manpages-dev					install
mawk						install
mc						install
mc-data						install
media-types					install
menu-xdg					install
mesa-va-drivers:armhf				install
mesa-vdpau-drivers:armhf			install
meson						install
metasploit-framework				deinstall
mime-support					install
mksh						install
mkvtoolnix					install
modemmanager					install
mount						install
mousepad					install
mutter						install
mutter-common					install
mypy						install
nano						install
ncdu						install
ncurses-base					install
ncurses-bin					install
ncurses-term					install
neofetch					install
net-tools					install
netbase						install
netcat-openbsd					install
network-manager					install
nfs-common					install
nftables					install
ninja-build					install
nmap						install
nmap-common					install
ntfs-3g						install
obconf						install
ocl-icd-libopencl1:armhf			install
openbox						install
openbox-lxde-session				install
openjdk-17-dbg:armhf				install
openjdk-17-demo					install
openjdk-17-doc					install
openjdk-17-jdk:armhf				install
openjdk-17-jdk-headless:armhf			install
openjdk-17-jre:armhf				install
openjdk-17-jre-headless:armhf			install
openjdk-17-source				install
openjdk-8-jre:armhf				install
openjdk-8-jre-headless:armhf			install
openmpi-bin					install
openmpi-common					install
openresolv					install
openssh-client					install
openssh-server					install
openssh-sftp-server				install
openssl						install
p11-kit						install
p11-kit-modules:armhf				install
p7zip						install
p7zip-full					install
packagekit					install
parted						install
passwd						install
patch						install
patchutils					install
paxctld						install
pci.ids						install
pciutils					install
pcmanfm						install
perl						install
perl-base					install
perl-modules-5.32				install
perl-openssl-defaults:armhf			install
pgadmin3					install
pgadmin3-data					install
pi-bluetooth					install
pi-greeter					install
pi-language-support				install
pi-package					install
pi-package-data					install
pi-package-session				install
pi-printer-support				install
piclone						install
pigpio						install
pigpio-tools					install
pigpiod						install
pigz						install
pinentry-curses					install
pinentry-gnome3					install
pipanel						install
pipewire:armhf					install
pipewire-bin					install
pishutdown					install
piwiz						install
pixflat-icons					install
pkg-config					install
plymouth					install
plymouth-label					install
plymouth-themes					install
po-debconf					install
pocketsphinx-en-us				install
policykit-1					install
poppler-data					install
poppler-utils					install
portaudio19-dev:armhf				install
postgresql					install
postgresql-13					install
postgresql-client-13				install
postgresql-client-common			install
postgresql-common				install
ppp						install
pprompt						install
printer-driver-escpr				install
printer-driver-hpcups				install
printer-driver-postscript-hp			install
procps						install
psmisc						install
publicsuffix					install
pulseaudio					install
pulseaudio-module-bluetooth			install
pulseaudio-utils				install
pylint						install
pypy						install
pypy-lib:armhf					install
python-apt-common				install
python-is-python3				install
python-pip-whl					install
python3						install
python3-apt					install
python3-astroid					install
python3-asttokens				install
python3-automationhat				install
python3-blinker					install
python3-blinkt					install
python3-bs4					install
python3-buttonshim				install
python3-cairo:armhf				install
python3-cap1xxx					install
python3-certifi					install
python3-cffi-backend:armhf			install
python3-chardet					install
python3-click					install
python3-colorama				install
python3-colorzero				install
python3-cryptography				install
python3-cups:armhf				install
python3-cupshelpers				install
python3-dbus					install
python3-debconf					install
python3-dev					install
python3-distro					install
python3-distutils				install
python3-dnspython				install
python3-docutils				install
python3-drumhat					install
python3-envirophat				install
python3-explorerhat				install
python3-flask					install
python3-fourletterphat				install
python3-gi					install
python3-gi-cairo				install
python3-gpg					install
python3-gpiozero				install
python3-html5lib				install
python3-idna					install
python3-isort					install
python3-itsdangerous				install
python3-jedi					install
python3-jinja2					install
python3-jwt					install
python3-kms++					install
python3-lazy-object-proxy			install
python3-ldb					install
python3-lib2to3					install
python3-libcamera				install
python3-logilab-common				install
python3-lxml:armhf				install
python3-markdown				install
python3-markupsafe				install
python3-mccabe					install
python3-microdotphat				install
python3-minimal					install
python3-mote					install
python3-motephat				install
python3-mypy					install
python3-mypy-extensions				install
python3-numpy					install
python3-oauthlib				install
python3-opengl					install
python3-openssl					install
python3-pantilthat				install
python3-parso					install
python3-pexpect					install
python3-phatbeat				install
python3-pianohat				install
python3-picamera				install
python3-picamera2				install
python3-pidng					install
python3-piexif					install
python3-piglow					install
python3-pigpio					install
python3-pil:armhf				install
python3-pip					install
python3-pkg-resources				install
python3-prctl					install
python3-psutil					install
python3-ptyprocess				install
python3-pygments				install
python3-pyinotify				install
python3-pyqt5					install
python3-pyqt5.sip				install
python3-pyudev					install
python3-rainbowhat				install
python3-renderpm:armhf				install
python3-reportlab				install
python3-reportlab-accel:armhf			install
python3-requests				install
python3-requests-oauthlib			install
python3-requests-toolbelt			install
python3-responses				install
python3-roman					install
python3-rpi.gpio				install
python3-rtimulib				install
python3-samba					install
python3-scrollphat				install
python3-scrollphathd				install
python3-send2trash				install
python3-sense-hat				install
python3-serial					install
python3-setuptools				install
python3-simplejpeg				install
python3-simplejson				install
python3-six					install
python3-skywriter				install
python3-smbc					install
python3-smbus:armhf				install
python3-sn3218					install
python3-soupsieve				install
python3-spidev					install
python3-talloc:armhf				install
python3-tdb					install
python3-tk:armhf				install
python3-toml					install
python3-touchphat				install
python3-twython					install
python3-typed-ast				install
python3-typing-extensions			install
python3-unicornhathd				install
python3-urllib3					install
python3-urwid					install
python3-v4l2					install
python3-venv					install
python3-webencodings				install
python3-werkzeug				install
python3-wheel					install
python3-wrapt					install
python3-yaml					install
python3.9					install
python3.9-dev					install
python3.9-minimal				install
python3.9-venv					install
qml-module-qtgraphicaleffects:armhf		install
qml-module-qtquick-controls2:armhf		install
qml-module-qtquick-layouts:armhf		install
qml-module-qtquick-templates2:armhf		install
qml-module-qtquick-window2:armhf		install
qml-module-qtquick2:armhf			install
qpdfview					install
qpdfview-djvu-plugin				install
qpdfview-pdf-poppler-plugin			install
qpdfview-ps-plugin				install
qpdfview-translations				install
qt5-gtk-platformtheme:armhf			install
qt5-gtk2-platformtheme:armhf			install
qt5-style-plugin-cleanlooks:armhf		install
qt5-style-plugin-motif:armhf			install
qt5-style-plugin-plastique:armhf		install
qt5-style-plugins:armhf				install
qt5ct						install
qttranslations5-l10n				install
raspberrypi-archive-keyring			install
raspberrypi-bootloader				install
raspberrypi-kernel				install
raspberrypi-net-mods				install
raspberrypi-sys-mods				install
raspberrypi-ui-mods				install
raspbian-archive-keyring			install
raspi-config					install
raspi-copies-and-fills				install
raspi-gpio					install
raspi-utils					install
raspinfo					install
rc-gui						install
read-edid					install
readline-common					install
realvnc-vnc-server				install
rfkill						install
rng-tools					install
rng-tools-debian				install
rp-bookshelf					install
rp-prefapps					install
rpcbind						install
rpd-plym-splash					install
rpd-wallpaper					install
rpi-chromium-mods				install
rpi-eeprom					install
rpi-imager					install
rpi-update					install
rpi-wayland					install
rpi.gpio-common:armhf				install
rsync						install
rsyslog						install
rtkit						install
runit-helper					install
samba						install
samba-common					install
samba-common-bin				install
samba-dsdb-modules:armhf			install
samba-libs:armhf				install
samba-vfs-modules:armhf				install
sane-utils					install
scrot						install
sed						install
sense-hat					install
sensible-utils					install
sgml-base					install
shared-mime-info				install
snapd						install
sound-theme-freedesktop				install
squashfs-tools					install
ssh						install
ssh-import-id					install
ssl-cert					install
strace						install
subversion					install
sudo						install
sysstat						install
system-config-printer				install
system-config-printer-common			install
system-config-printer-udev			install
systemd						install
systemd-sysv					install
systemd-timesyncd				install
sysvinit-utils					install
tar						install
tasksel						install
tasksel-data					install
tcsh						install
tdb-tools					install
thonny						install
timgm6mb-soundfont				deinstall
tk8.6-blt2.5					install
traceroute					install
tree						install
triggerhappy					install
tzdata						install
ucf						install
udev						install
udisks2						install
unzip						install
update-inetd					install
upower						install
usb-modeswitch					install
usb-modeswitch-data				install
usb.ids						install
usbutils					install
userconf-pi					install
util-linux					install
uuid						install
uuid-dev:armhf					install
v4l-utils					install
va-driver-all:armhf				install
vcdbg						install
vdpau-driver-all:armhf				install
vim-common					install
vim-tiny					install
vlc						install
vlc-bin						install
vlc-data					install
vlc-l10n					install
vlc-plugin-access-extra:armhf			install
vlc-plugin-base:armhf				install
vlc-plugin-notify:armhf				install
vlc-plugin-qt:armhf				install
vlc-plugin-samba:armhf				install
vlc-plugin-skins2:armhf				install
vlc-plugin-video-output:armhf			install
vlc-plugin-video-splitter:armhf			install
vlc-plugin-visualization:armhf			install
w3m						install
wamerican					install
wbrazilian					install
wbritish					install
wdiff						install
wget						install
whiptail					install
wireless-regdb					install
wireless-tools					install
wpasupplicant					install
wportuguese					install
x11-common					install
x11-utils					install
x11-xkb-utils					install
x11-xserver-utils				install
x11proto-dev					install
x11proto-input-dev				install
x11proto-randr-dev				install
x11proto-record-dev				install
x11proto-scrnsaver-dev				install
x11proto-xext-dev				install
x11proto-xf86vidmode-dev			install
x11proto-xinerama-dev				install
xarchiver					install
xauth						install
xbitmaps					install
xcompmgr					install
xdg-dbus-proxy					install
xdg-user-dirs					install
xdg-utils					install
xfconf						install
xinit						install
xinput						install
xinput-calibrator				install
xkb-data					install
xml-core					install
xmlstarlet					install
xorg-sgml-doctools				install
xsel						install
xserver-common					install
xserver-xorg					install
xserver-xorg-core				install
xserver-xorg-input-all				install
xserver-xorg-input-evdev			install
xserver-xorg-input-libinput			install
xserver-xorg-video-fbdev			install
xserver-xorg-video-fbturbo			install
xterm						install
xtrans-dev					install
xwayland					install
xxd						install
xz-utils					install
zenity						install
zenity-common					install
zip						install
zlib1g:armhf					install
zlib1g-dev:armhf				install
